2025-12-07 04:23:09 - POST to payments: Array
(
    [csrf_token] => 7ac2bf19e2751d837f5b59e712244947c21583ca5aa2470b966500949fb8c397
    [active_payment_gateway] => flutterwave
    [min_deposit] => 500
    [max_deposit] => 1000000
)

2025-12-07 04:23:09 - Failed to update active_payment_gateway
2025-12-07 04:23:09 - Failed to update min_deposit
2025-12-07 04:23:09 - Failed to update max_deposit
2025-12-07 04:23:09 - Updated keys: 
2025-12-07 04:23:20 - POST to payments: Array
(
    [csrf_token] => 7ac2bf19e2751d837f5b59e712244947c21583ca5aa2470b966500949fb8c397
    [paystack_enabled] => 1
    [paystack_env] => test
    [paystack_public_key] => 
    [paystack_secret_key] => 
)

2025-12-07 04:23:20 - Failed to update paystack_enabled
2025-12-07 04:23:20 - Failed to update paystack_env
2025-12-07 04:23:20 - Failed to update paystack_public_key
2025-12-07 04:23:20 - Failed to update paystack_secret_key
2025-12-07 04:23:20 - Updated keys: 
2025-12-07 04:23:54 - POST to payments: Array
(
    [csrf_token] => 7ac2bf19e2751d837f5b59e712244947c21583ca5aa2470b966500949fb8c397
    [active_payment_gateway] => flutterwave
    [min_deposit] => 100.01
    [max_deposit] => 1000000
)

2025-12-07 04:23:54 - Failed to update active_payment_gateway
2025-12-07 04:23:54 - Failed to update min_deposit
2025-12-07 04:23:54 - Failed to update max_deposit
2025-12-07 04:23:54 - Updated keys: 
